<?xml version="1.0" encoding="UTF-8"?>
<testsuite name="com.ssafy.togetherhomt.TogetherHomtApplicationTests" tests="1" skipped="0" failures="0" errors="0" timestamp="2022-01-26T02:43:55" hostname="Gkuerui-MacBookPro.local" time="0.108">
  <properties/>
  <testcase name="contextLoads()" classname="com.ssafy.togetherhomt.TogetherHomtApplicationTests" time="0.108"/>
  <system-out><![CDATA[11:43:51.085 [Test worker] DEBUG org.springframework.test.context.BootstrapUtils - Instantiating CacheAwareContextLoaderDelegate from class [org.springframework.test.context.cache.DefaultCacheAwareContextLoaderDelegate]
11:43:51.095 [Test worker] DEBUG org.springframework.test.context.BootstrapUtils - Instantiating BootstrapContext using constructor [public org.springframework.test.context.support.DefaultBootstrapContext(java.lang.Class,org.springframework.test.context.CacheAwareContextLoaderDelegate)]
11:43:51.123 [Test worker] DEBUG org.springframework.test.context.BootstrapUtils - Instantiating TestContextBootstrapper for test class [com.ssafy.togetherhomt.TogetherHomtApplicationTests] from class [org.springframework.boot.test.context.SpringBootTestContextBootstrapper]
11:43:51.133 [Test worker] INFO org.springframework.boot.test.context.SpringBootTestContextBootstrapper - Neither @ContextConfiguration nor @ContextHierarchy found for test class [com.ssafy.togetherhomt.TogetherHomtApplicationTests], using SpringBootContextLoader
11:43:51.136 [Test worker] DEBUG org.springframework.test.context.support.AbstractContextLoader - Did not detect default resource location for test class [com.ssafy.togetherhomt.TogetherHomtApplicationTests]: class path resource [com/ssafy/togetherhomt/TogetherHomtApplicationTests-context.xml] does not exist
11:43:51.136 [Test worker] DEBUG org.springframework.test.context.support.AbstractContextLoader - Did not detect default resource location for test class [com.ssafy.togetherhomt.TogetherHomtApplicationTests]: class path resource [com/ssafy/togetherhomt/TogetherHomtApplicationTestsContext.groovy] does not exist
11:43:51.137 [Test worker] INFO org.springframework.test.context.support.AbstractContextLoader - Could not detect default resource locations for test class [com.ssafy.togetherhomt.TogetherHomtApplicationTests]: no resource found for suffixes {-context.xml, Context.groovy}.
11:43:51.137 [Test worker] INFO org.springframework.test.context.support.AnnotationConfigContextLoaderUtils - Could not detect default configuration classes for test class [com.ssafy.togetherhomt.TogetherHomtApplicationTests]: TogetherHomtApplicationTests does not declare any static, non-private, non-final, nested classes annotated with @Configuration.
11:43:51.177 [Test worker] DEBUG org.springframework.test.context.support.ActiveProfilesUtils - Could not find an 'annotation declaring class' for annotation type [org.springframework.test.context.ActiveProfiles] and class [com.ssafy.togetherhomt.TogetherHomtApplicationTests]
11:43:51.229 [Test worker] DEBUG org.springframework.context.annotation.ClassPathScanningCandidateComponentProvider - Identified candidate component class: file [/Users/gkuer/Desktop/S06P12B206/back/together-homt/build/classes/java/main/com/ssafy/togetherhomt/TogetherHomtApplication.class]
11:43:51.230 [Test worker] INFO org.springframework.boot.test.context.SpringBootTestContextBootstrapper - Found @SpringBootConfiguration com.ssafy.togetherhomt.TogetherHomtApplication for test class com.ssafy.togetherhomt.TogetherHomtApplicationTests
11:43:51.316 [Test worker] DEBUG org.springframework.boot.test.context.SpringBootTestContextBootstrapper - @TestExecutionListeners is not present for class [com.ssafy.togetherhomt.TogetherHomtApplicationTests]: using defaults.
11:43:51.317 [Test worker] INFO org.springframework.boot.test.context.SpringBootTestContextBootstrapper - Loaded default TestExecutionListener class names from location [META-INF/spring.factories]: [org.springframework.security.test.context.support.WithSecurityContextTestExecutionListener, org.springframework.security.test.context.support.ReactorContextTestExecutionListener, org.springframework.boot.test.autoconfigure.restdocs.RestDocsTestExecutionListener, org.springframework.boot.test.autoconfigure.web.client.MockRestServiceServerResetTestExecutionListener, org.springframework.boot.test.autoconfigure.web.servlet.MockMvcPrintOnlyOnFailureTestExecutionListener, org.springframework.boot.test.autoconfigure.web.servlet.WebDriverTestExecutionListener, org.springframework.boot.test.autoconfigure.webservices.client.MockWebServiceServerTestExecutionListener, org.springframework.boot.test.mock.mockito.MockitoTestExecutionListener, org.springframework.boot.test.mock.mockito.ResetMocksTestExecutionListener, org.springframework.test.context.web.ServletTestExecutionListener, org.springframework.test.context.support.DirtiesContextBeforeModesTestExecutionListener, org.springframework.test.context.event.ApplicationEventsTestExecutionListener, org.springframework.test.context.support.DependencyInjectionTestExecutionListener, org.springframework.test.context.support.DirtiesContextTestExecutionListener, org.springframework.test.context.transaction.TransactionalTestExecutionListener, org.springframework.test.context.jdbc.SqlScriptsTestExecutionListener, org.springframework.test.context.event.EventPublishingTestExecutionListener]
11:43:51.335 [Test worker] INFO org.springframework.boot.test.context.SpringBootTestContextBootstrapper - Using TestExecutionListeners: [org.springframework.test.context.web.ServletTestExecutionListener@615f972, org.springframework.test.context.support.DirtiesContextBeforeModesTestExecutionListener@285f09de, org.springframework.test.context.event.ApplicationEventsTestExecutionListener@73393584, org.springframework.boot.test.mock.mockito.MockitoTestExecutionListener@31500940, org.springframework.boot.test.autoconfigure.SpringBootDependencyInjectionTestExecutionListener@1827a871, org.springframework.test.context.support.DirtiesContextTestExecutionListener@48e64352, org.springframework.test.context.transaction.TransactionalTestExecutionListener@7249dadf, org.springframework.test.context.jdbc.SqlScriptsTestExecutionListener@4362d7df, org.springframework.security.test.context.support.WithSecurityContextTestExecutionListener@66238be2, org.springframework.test.context.event.EventPublishingTestExecutionListener@1c25b8a7, org.springframework.security.test.context.support.ReactorContextTestExecutionListener@200606de, org.springframework.boot.test.autoconfigure.restdocs.RestDocsTestExecutionListener@750fe12e, org.springframework.boot.test.autoconfigure.web.client.MockRestServiceServerResetTestExecutionListener@f8908f6, org.springframework.boot.test.autoconfigure.web.servlet.MockMvcPrintOnlyOnFailureTestExecutionListener@3e587920, org.springframework.boot.test.autoconfigure.web.servlet.WebDriverTestExecutionListener@2ef8a8c3, org.springframework.boot.test.autoconfigure.webservices.client.MockWebServiceServerTestExecutionListener@24f43aa3, org.springframework.boot.test.mock.mockito.ResetMocksTestExecutionListener@63fd4873]
11:43:51.339 [Test worker] DEBUG org.springframework.test.context.support.AbstractDirtiesContextTestExecutionListener - Before test class: context [DefaultTestContext@3d4d3fe7 testClass = TogetherHomtApplicationTests, testInstance = [null], testMethod = [null], testException = [null], mergedContextConfiguration = [WebMergedContextConfiguration@65f87a2c testClass = TogetherHomtApplicationTests, locations = '{}', classes = '{class com.ssafy.togetherhomt.TogetherHomtApplication}', contextInitializerClasses = '[]', activeProfiles = '{}', propertySourceLocations = '{}', propertySourceProperties = '{org.springframework.boot.test.context.SpringBootTestContextBootstrapper=true}', contextCustomizers = set[org.springframework.boot.test.autoconfigure.actuate.metrics.MetricsExportContextCustomizerFactory$DisableMetricExportContextCustomizer@53dacd14, org.springframework.boot.test.autoconfigure.properties.PropertyMappingContextCustomizer@0, org.springframework.boot.test.autoconfigure.web.servlet.WebDriverContextCustomizerFactory$Customizer@4409e975, org.springframework.boot.test.context.filter.ExcludeFilterContextCustomizer@bff34c6, org.springframework.boot.test.json.DuplicateJsonObjectContextCustomizerFactory$DuplicateJsonObjectContextCustomizer@5644dc81, org.springframework.boot.test.mock.mockito.MockitoContextCustomizer@0, org.springframework.boot.test.web.client.TestRestTemplateContextCustomizer@3b2c0e88, org.springframework.boot.test.context.SpringBootTestArgs@1, org.springframework.boot.test.context.SpringBootTestWebEnvironment@311bf055], resourceBasePath = 'src/main/webapp', contextLoader = 'org.springframework.boot.test.context.SpringBootContextLoader', parent = [null]], attributes = map['org.springframework.test.context.web.ServletTestExecutionListener.activateListener' -> true]], class annotated with @DirtiesContext [false] with mode [null].
11:43:51.399 [Test worker] DEBUG org.springframework.boot.ApplicationServletEnvironment - Activating profiles []
11:43:51.400 [Test worker] DEBUG org.springframework.test.context.support.TestPropertySourceUtils - Adding inlined properties to environment: {spring.jmx.enabled=false, org.springframework.boot.test.context.SpringBootTestContextBootstrapper=true}

  .   ____          _            __ _ _
 /\\ / ___'_ __ _ _(_)_ __  __ _ \ \ \ \
( ( )\___ | '_ | '_| | '_ \/ _` | \ \ \ \
 \\/  ___)| |_)| | | | | || (_| |  ) ) ) )
  '  |____| .__|_| |_|_| |_\__, | / / / /
 =========|_|==============|___/=/_/_/_/
 :: Spring Boot ::                (v2.6.2)

2022-01-26 11:43:51.799  INFO 2562 --- [    Test worker] c.s.t.TogetherHomtApplicationTests       : Starting TogetherHomtApplicationTests using Java 11.0.13 on Gkuerui-MacBookPro.local with PID 2562 (started by gkuer in /Users/gkuer/Desktop/S06P12B206/back/together-homt)
2022-01-26 11:43:51.800  INFO 2562 --- [    Test worker] c.s.t.TogetherHomtApplicationTests       : No active profile set, falling back to default profiles: default
2022-01-26 11:43:52.433  INFO 2562 --- [    Test worker] .s.d.r.c.RepositoryConfigurationDelegate : Bootstrapping Spring Data JPA repositories in DEFAULT mode.
2022-01-26 11:43:52.497  INFO 2562 --- [    Test worker] .s.d.r.c.RepositoryConfigurationDelegate : Finished Spring Data repository scanning in 57 ms. Found 6 JPA repository interfaces.
2022-01-26 11:43:53.011  INFO 2562 --- [    Test worker] o.hibernate.jpa.internal.util.LogHelper  : HHH000204: Processing PersistenceUnitInfo [name: default]
2022-01-26 11:43:53.061  INFO 2562 --- [    Test worker] org.hibernate.Version                    : HHH000412: Hibernate ORM core version 5.6.3.Final
2022-01-26 11:43:53.230  INFO 2562 --- [    Test worker] o.hibernate.annotations.common.Version   : HCANN000001: Hibernate Commons Annotations {5.1.2.Final}
2022-01-26 11:43:53.329  INFO 2562 --- [    Test worker] com.zaxxer.hikari.HikariDataSource       : HikariPool-1 - Starting...
2022-01-26 11:43:53.491  INFO 2562 --- [    Test worker] com.zaxxer.hikari.HikariDataSource       : HikariPool-1 - Start completed.
2022-01-26 11:43:53.506  INFO 2562 --- [    Test worker] org.hibernate.dialect.Dialect            : HHH000400: Using dialect: org.hibernate.dialect.H2Dialect
2022-01-26 11:43:54.274  INFO 2562 --- [    Test worker] o.h.e.t.j.p.i.JtaPlatformInitiator       : HHH000490: Using JtaPlatform implementation: [org.hibernate.engine.transaction.jta.platform.internal.NoJtaPlatform]
2022-01-26 11:43:54.281  INFO 2562 --- [    Test worker] j.LocalContainerEntityManagerFactoryBean : Initialized JPA EntityManagerFactory for persistence unit 'default'
2022-01-26 11:43:54.651  WARN 2562 --- [    Test worker] JpaBaseConfiguration$JpaWebConfiguration : spring.jpa.open-in-view is enabled by default. Therefore, database queries may be performed during view rendering. Explicitly configure spring.jpa.open-in-view to disable this warning
2022-01-26 11:43:55.131  INFO 2562 --- [    Test worker] o.s.s.web.DefaultSecurityFilterChain     : Will secure any request with [org.springframework.security.web.context.request.async.WebAsyncManagerIntegrationFilter@4629dde5, org.springframework.security.web.context.SecurityContextPersistenceFilter@4d24ab25, org.springframework.security.web.header.HeaderWriterFilter@72115c48, org.springframework.web.filter.CorsFilter@3879feec, org.springframework.security.web.authentication.logout.LogoutFilter@6329a5b9, com.ssafy.togetherhomt.config.jwt.JwtAuthenticationFilter@7e35d743, org.springframework.security.web.authentication.UsernamePasswordAuthenticationFilter@506e382b, org.springframework.security.web.authentication.ui.DefaultLoginPageGeneratingFilter@69c6e5, org.springframework.security.web.authentication.ui.DefaultLogoutPageGeneratingFilter@63b2418e, com.ssafy.togetherhomt.config.jwt.JwtAuthorizationFilter@70d16858, org.springframework.security.web.savedrequest.RequestCacheAwareFilter@1952ad9d, org.springframework.security.web.servletapi.SecurityContextHolderAwareRequestFilter@256c6f7a, org.springframework.security.web.authentication.AnonymousAuthenticationFilter@789f5552, org.springframework.security.web.session.SessionManagementFilter@779136bf, org.springframework.security.web.access.ExceptionTranslationFilter@ec1b776, org.springframework.security.web.access.intercept.FilterSecurityInterceptor@3c717ef2]
resourcePattern = /upload/**
2022-01-26 11:43:55.718  INFO 2562 --- [    Test worker] o.s.b.a.h2.H2ConsoleAutoConfiguration    : H2 console available at '/h2-console'. Database available at 'jdbc:h2:mem:testdb'
2022-01-26 11:43:55.810  INFO 2562 --- [    Test worker] c.s.t.TogetherHomtApplicationTests       : Started TogetherHomtApplicationTests in 4.407 seconds (JVM running for 5.458)
]]></system-out>
  <system-err><![CDATA[]]></system-err>
</testsuite>
